\BOOKMARK [1][-]{section.0}{Introduction}{}% 1
\BOOKMARK [1][-]{section.1}{Functions}{}% 2
\BOOKMARK [2][-]{section*.12}{Inverse\040functions}{section.1}% 3
\BOOKMARK [2][-]{section*.14}{Parity\040-\040Even\040&\040Odd\040Functions}{section.1}% 4
\BOOKMARK [2][-]{section*.16}{Periodicity}{section.1}% 5
\BOOKMARK [2][-]{section*.18}{Polynomials}{section.1}% 6
\BOOKMARK [2][-]{section*.20}{Rational\040Functions}{section.1}% 7
\BOOKMARK [1][-]{section.2}{Infinite\040Series}{}% 8
\BOOKMARK [2][-]{section*.23}{The\040Exponential\040Function}{section.2}% 9
\BOOKMARK [2][-]{section*.24}{Other\040Infinite\040Series}{section.2}% 10
\BOOKMARK [2][-]{section*.26}{Hyperbolic\040Functions}{section.2}% 11
\BOOKMARK [2][-]{section*.28}{Expanding\040other\040functions\040as\040power\040series}{section.2}% 12
\BOOKMARK [2][-]{section*.29}{Maclaurin\040Series}{section.2}% 13
\BOOKMARK [2][-]{section*.30}{Radius\040of\040Convergence}{section.2}% 14
\BOOKMARK [1][-]{section.3}{Differentiation}{}% 15
\BOOKMARK [2][-]{section*.32}{First\040Principles\040Differentiation}{section.3}% 16
\BOOKMARK [2][-]{section*.41}{Leibniz'\040Rule}{section.3}% 17
\BOOKMARK [2][-]{section*.42}{Four\040Theorems\040and\040an\040Example}{section.3}% 18
\BOOKMARK [2][-]{section*.43}{De\040L'Hopital's\040Rule}{section.3}% 19
\BOOKMARK [2][-]{section*.45}{Taylor's\040Theorem}{section.3}% 20
\BOOKMARK [2][-]{section*.46}{Stationary\040Points}{section.3}% 21
\BOOKMARK [2][-]{section*.49}{Parametric\040Curves}{section.3}% 22
\BOOKMARK [2][-]{section*.50}{Arc\040length}{section.3}% 23
\BOOKMARK [2][-]{section*.51}{Polar\040Coordinates}{section.3}% 24
\BOOKMARK [1][-]{section.4}{Integration}{}% 25
\BOOKMARK [2][-]{section*.52}{The\040Riemann\040Integral}{section.4}% 26
\BOOKMARK [2][-]{section*.53}{Integrals\040over\040infinite\040ranges}{section.4}% 27
\BOOKMARK [2][-]{section*.54}{Evaluation\040of\040Integrals}{section.4}% 28
\BOOKMARK [2][-]{section*.55}{Reduction\040Formulae}{section.4}% 29
\BOOKMARK [2][-]{section*.56}{Path\040Integrals}{section.4}% 30
\BOOKMARK [1][-]{section.5}{First\040order\040Differential\040Equations}{}% 31
