\BOOKMARK [1][-]{section.0}{Preliminaries}{}% 1
\BOOKMARK [1][-]{section.1}{Sequences}{}% 2
\BOOKMARK [2][-]{section*.8}{Convergence of Sequences}{section.1}% 3
\BOOKMARK [2][-]{section*.9}{Cauchy Sequences}{section.1}% 4
\BOOKMARK [2][-]{section*.10}{Subsequences}{section.1}% 5
\BOOKMARK [1][-]{section.2}{Series}{}% 6
\BOOKMARK [2][-]{section*.11}{Convergence of Series}{section.2}% 7
\BOOKMARK [2][-]{section*.12}{Tests for convergence}{section.2}% 8
\BOOKMARK [2][-]{section*.13}{*Re-arrangement of Series*}{section.2}% 9
\BOOKMARK [2][-]{section*.14}{Cauchy Product}{section.2}% 10
\BOOKMARK [2][-]{section*.15}{Radius of Convergence}{section.2}% 11
\BOOKMARK [1][-]{section.3}{Continuity}{}% 12
\BOOKMARK [2][-]{section*.16}{Continuity and Limits}{section.3}% 13
\BOOKMARK [2][-]{section*.17}{Intermediate Value Theorem}{section.3}% 14
\BOOKMARK [2][-]{section*.18}{Extreme Value Theorem}{section.3}% 15
\BOOKMARK [2][-]{section*.19}{Inverse Function Theorem}{section.3}% 16
\BOOKMARK [1][-]{section.4}{Differentiation}{}% 17
\BOOKMARK [2][-]{section*.20}{Differentiability}{section.4}% 18
\BOOKMARK [2][-]{section*.21}{Rolle's Theorem}{section.4}% 19
\BOOKMARK [2][-]{section*.22}{Mean Value Theorem}{section.4}% 20
\BOOKMARK [2][-]{section*.23}{Rules for Differentiation}{section.4}% 21
