\BOOKMARK [1][-]{section.1}{The Very Beginning}{}% 1
\BOOKMARK [2][-]{section*.10}{Sets}{section.1}% 2
\BOOKMARK [2][-]{section*.11}{Elements of Propositional Calculus}{section.1}% 3
\BOOKMARK [2][-]{section*.16}{Mathematical Induction}{section.1}% 4
\BOOKMARK [1][-]{section.2}{Number Systems}{}% 5
\BOOKMARK [2][-]{section*.18}{Q, the Rationals}{section.2}% 6
\BOOKMARK [2][-]{section*.20}{R, the Real Numbers}{section.2}% 7
\BOOKMARK [2][-]{section*.23}{C, the Complex Numbers}{section.2}% 8
\BOOKMARK [2][-]{section*.28}{Polynomial equations}{section.2}% 9
\BOOKMARK [1][-]{section.3}{Introduction to N}{}% 10
\BOOKMARK [2][-]{section*.31}{Highest Common Factor}{section.3}% 11
\BOOKMARK [2][-]{section*.33}{The Least Common Multiple}{section.3}% 12
\BOOKMARK [2][-]{section*.35}{Modular Arithmetic}{section.3}% 13
\BOOKMARK [1][-]{section.4}{Counting}{}% 14
\BOOKMARK [2][-]{section*.40}{Combinations}{section.4}% 15
\BOOKMARK [2][-]{section*.44}{Relations}{section.4}% 16
\BOOKMARK [1][-]{section.5}{Functions}{}% 17
\BOOKMARK [2][-]{section*.46}{Countability}{section.5}% 18
\BOOKMARK [1][-]{section.6}{Foundations of Analysis}{}% 19
\BOOKMARK [2][-]{section*.47}{The Completeness Axiom}{section.6}% 20
\BOOKMARK [2][-]{section*.48}{* Sequences and Limits *}{section.6}% 21
