\BOOKMARK [0][-]{section*.6}{Linear Algebra}{}% 1
\BOOKMARK [1][-]{section.1}{Vector Spaces}{section*.6}% 2
\BOOKMARK [2][-]{section*.7}{Spanning Sets and Bases \(M1GLA Review\)}{section.1}% 3
\BOOKMARK [2][-]{section*.8}{More on Subspaces}{section.1}% 4
\BOOKMARK [2][-]{section*.9}{Rank of a Matrix}{section.1}% 5
\BOOKMARK [2][-]{section*.10}{Linear Transformations}{section.1}% 6
\BOOKMARK [2][-]{section*.11}{Kernels and Images}{section.1}% 7
\BOOKMARK [2][-]{section*.12}{Matrix of Linear Transformation}{section.1}% 8
\BOOKMARK [2][-]{section*.13}{Eigenvalues and Eigenvectors}{section.1}% 9
\BOOKMARK [2][-]{section*.14}{Diagonalisation of Linear Transformations}{section.1}% 10
\BOOKMARK [2][-]{section*.15}{Change of Basis}{section.1}% 11
\BOOKMARK [0][-]{equation.1.54}{Abstract Algebra}{}% 12
\BOOKMARK [1][-]{section.2}{Group Theory}{equation.1.54}% 13
\BOOKMARK [2][-]{section*.16}{Groups}{section.2}% 14
\BOOKMARK [2][-]{section*.18}{Subgroups}{section.2}% 15
\BOOKMARK [2][-]{section*.19}{Cyclic Subgroups}{section.2}% 16
\BOOKMARK [2][-]{section*.20}{The Order of a Group Element}{section.2}% 17
\BOOKMARK [2][-]{section*.21}{Cycles}{section.2}% 18
\BOOKMARK [2][-]{section*.22}{Order of a Permutation}{section.2}% 19
\BOOKMARK [2][-]{section*.23}{Lagrange's Theorem}{section.2}% 20
\BOOKMARK [2][-]{section*.24}{Modular Arithmetic}{section.2}% 21
\BOOKMARK [2][-]{section*.25}{Dihedral Groups}{section.2}% 22
\BOOKMARK [1][-]{section.3}{Ring Theory}{equation.1.54}% 23
\BOOKMARK [2][-]{section*.28}{Arithmetic of Rings}{section.3}% 24
\BOOKMARK [2][-]{section*.29}{The Rings Z[d]}{section.3}% 25
\BOOKMARK [2][-]{section*.30}{Highest Common Factor / Greatest Common Divisor}{section.3}% 26
\BOOKMARK [2][-]{section*.31}{Unique Factorisation}{section.3}% 27
