\BOOKMARK [0][-]{section*.5}{Differential Equations}{}% 1
\BOOKMARK [1][-]{section.1}{First and Second Order Differential Equations}{section*.5}% 2
\BOOKMARK [2][-]{section*.6}{First Order ODEs}{section.1}% 3
\BOOKMARK [2][-]{section*.11}{Second Order ODEs}{section.1}% 4
\BOOKMARK [1][-]{section.2}{Linear Equations \(ODEs\)}{section*.5}% 5
\BOOKMARK [2][-]{section*.12}{1st order Linear ODEs}{section.2}% 6
\BOOKMARK [2][-]{section*.13}{2nd order linear ODEs}{section.2}% 7
\BOOKMARK [2][-]{section*.15}{Summary}{section.2}% 8
\BOOKMARK [2][-]{section*.16}{Euler Equation}{section.2}% 9
\BOOKMARK [1][-]{section.3}{Systems of Linear Differential Equations}{section*.5}% 10
\BOOKMARK [2][-]{section*.17}{Systems of Linear ODEs with constant coefficients}{section.3}% 11
\BOOKMARK [1][-]{section.4}{Phase plane analysis}{section*.5}% 12
\BOOKMARK [2][-]{section*.19}{Phase plane diagrams}{section.4}% 13
\BOOKMARK [2][-]{section*.20}{Bifurcations}{section.4}% 14
\BOOKMARK [0][-]{section*.20}{Multivariable Calculus}{}% 15
\BOOKMARK [1][-]{section.5}{Partial Differentiation}{section*.20}% 16
\BOOKMARK [2][-]{section*.21}{Functions of Several Variables}{section.5}% 17
\BOOKMARK [2][-]{section*.22}{Partial Differentiation}{section.5}% 18
\BOOKMARK [2][-]{section*.24}{Implicit Functions}{section.5}% 19
\BOOKMARK [1][-]{section.6}{Functions of Two Variables}{section*.20}% 20
\BOOKMARK [2][-]{section*.25}{Taylor expansion}{section.6}% 21
\BOOKMARK [2][-]{section*.26}{Change of coordinates}{section.6}% 22
\BOOKMARK [2][-]{section*.27}{Partial Differential Equations}{section.6}% 23
\BOOKMARK [2][-]{section*.30}{Exact Differential Equations}{section.6}% 24
\BOOKMARK [2][-]{section*.31}{Stationary Points}{section.6}% 25
\BOOKMARK [1][-]{section.7}{Vector Calculus}{section*.20}% 26
\BOOKMARK [2][-]{section*.32}{Grad, Div and Curl}{section.7}% 27
\BOOKMARK [2][-]{section*.33}{Directional Derivative}{section.7}% 28
\BOOKMARK [1][-]{section.8}{Optimization}{section*.20}% 29
\BOOKMARK [2][-]{section*.34}{Lagrange Multipliers}{section.8}% 30
\BOOKMARK [1][-]{section.9}{Applications of Integration}{section*.20}% 31
\BOOKMARK [2][-]{section*.35}{Moments of Inertia}{section.9}% 32
\BOOKMARK [2][-]{section*.36}{Final Examples}{section.9}% 33
