\BOOKMARK [1][-]{section.1}{Kinematics}{}% 1
\BOOKMARK [2][-]{section*.11}{Cartesian Coordinates}{section.1}% 2
\BOOKMARK [2][-]{section*.12}{Vector Operations}{section.1}% 3
\BOOKMARK [2][-]{section*.15}{Polar Coordinates}{section.1}% 4
\BOOKMARK [2][-]{section*.16}{Intrinsic Coordinates}{section.1}% 5
\BOOKMARK [1][-]{section.2}{Kinetics and Newtons Laws}{}% 6
\BOOKMARK [2][-]{section*.17}{Newton's Laws}{section.2}% 7
\BOOKMARK [1][-]{section.3}{Forces}{}% 8
\BOOKMARK [2][-]{section*.18}{Gravity}{section.3}% 9
\BOOKMARK [2][-]{section*.19}{Contraint Forces}{section.3}% 10
\BOOKMARK [2][-]{section*.21}{Friction}{section.3}% 11
\BOOKMARK [2][-]{section*.22}{Drag Force}{section.3}% 12
\BOOKMARK [1][-]{section.4}{Oscillators}{}% 13
\BOOKMARK [2][-]{section*.25}{Spring Force}{section.4}% 14
\BOOKMARK [2][-]{section*.26}{Damped Harmonic Oscillator}{section.4}% 15
\BOOKMARK [2][-]{section*.27}{Forced, Damped Oscillator}{section.4}% 16
\BOOKMARK [1][-]{section.5}{Energy}{}% 17
\BOOKMARK [2][-]{section*.28}{Potential Wells}{section.5}% 18
\BOOKMARK [2][-]{section*.31}{Stability}{section.5}% 19
\BOOKMARK [1][-]{section.6}{Angular Momentum}{}% 20
\BOOKMARK [2][-]{section*.33}{Central Forces}{section.6}% 21
\BOOKMARK [2][-]{section*.35}{Orbital Equation}{section.6}% 22
\BOOKMARK [2][-]{section*.36}{Kepler's Laws}{section.6}% 23
\BOOKMARK [2][-]{section*.37}{Effective Potential}{section.6}% 24
\BOOKMARK [1][-]{section.7}{Systems of Particles}{}% 25
\BOOKMARK [2][-]{section*.41}{Two Body Problems}{section.7}% 26
\BOOKMARK [2][-]{section*.43}{Angular Momentum}{section.7}% 27
\BOOKMARK [1][-]{section.8}{Rigid Body Motion}{}% 28
\BOOKMARK [2][-]{section*.46}{Kinetic Energy}{section.8}% 29
\BOOKMARK [2][-]{section*.47}{* Parallel Axis Theorem *}{section.8}% 30
