\BOOKMARK [1][-]{section.1}{Kinematics}{}% 1
\BOOKMARK [2][-]{section*.3}{Cartesian\040Coordinates}{section.1}% 2
\BOOKMARK [2][-]{section*.4}{Polar\040Coordinates}{section.1}% 3
\BOOKMARK [2][-]{section*.5}{Intrinsic\040Coordinates}{section.1}% 4
\BOOKMARK [1][-]{section.2}{Kinetics\040and\040Newtons\040Laws}{}% 5
\BOOKMARK [2][-]{section*.6}{Newton's\040Laws}{section.2}% 6
\BOOKMARK [1][-]{section.3}{Forces}{}% 7
\BOOKMARK [2][-]{section*.7}{Gravity}{section.3}% 8
\BOOKMARK [2][-]{section*.8}{Contraint\040Forces}{section.3}% 9
\BOOKMARK [2][-]{section*.9}{Friction}{section.3}% 10
\BOOKMARK [2][-]{section*.10}{Drag\040Force}{section.3}% 11
\BOOKMARK [1][-]{section.4}{Oscillators}{}% 12
\BOOKMARK [1][-]{section.5}{Energy}{}% 13
\BOOKMARK [2][-]{section*.13}{Potential\040Wells}{section.5}% 14
\BOOKMARK [2][-]{section*.16}{Stability}{section.5}% 15
\BOOKMARK [1][-]{section.6}{Angular\040Momentum}{}% 16
\BOOKMARK [2][-]{section*.18}{Central\040Forces}{section.6}% 17
\BOOKMARK [2][-]{section*.20}{Orbital\040Equation}{section.6}% 18
\BOOKMARK [2][-]{section*.22}{Effective\040Potential}{section.6}% 19
\BOOKMARK [1][-]{section.7}{Systems\040of\040Particles}{}% 20
\BOOKMARK [2][-]{section*.26}{Two\040Body\040Problems}{section.7}% 21
\BOOKMARK [2][-]{section*.28}{Angular\040Momentum}{section.7}% 22
\BOOKMARK [1][-]{section.8}{Rigid\040Body\040Motion}{}% 23
\BOOKMARK [2][-]{section*.31}{Kinetic\040Energy}{section.8}% 24
\BOOKMARK [2][-]{section*.32}{*\040Parallel\040Axis\040Theorem\040*}{section.8}% 25
